<?xml version="1.0" encoding="UTF-8"?>
<testsuite name="com.example.taskmanagement.TaskManagementApiApplicationTests" tests="1" skipped="0" failures="0" errors="0" timestamp="2024-09-19T17:22:11" hostname="Artins-MacBook-Pro.local" time="0.267">
  <properties/>
  <testcase name="contextLoads()" classname="com.example.taskmanagement.TaskManagementApiApplicationTests" time="0.267"/>
  <system-out><![CDATA[13:22:09.899 [Test worker] INFO org.springframework.test.context.support.AnnotationConfigContextLoaderUtils -- Could not detect default configuration classes for test class [com.example.taskmanagement.TaskManagementApiApplicationTests]: TaskManagementApiApplicationTests does not declare any static, non-private, non-final, nested classes annotated with @Configuration.
13:22:09.960 [Test worker] INFO org.springframework.boot.test.context.SpringBootTestContextBootstrapper -- Found @SpringBootConfiguration com.example.taskmanagement.TaskManagementApiApplication for test class com.example.taskmanagement.TaskManagementApiApplicationTests

  .   ____          _            __ _ _
 /\\ / ___'_ __ _ _(_)_ __  __ _ \ \ \ \
( ( )\___ | '_ | '_| | '_ \/ _` | \ \ \ \
 \\/  ___)| |_)| | | | | || (_| |  ) ) ) )
  '  |____| .__|_| |_|_| |_\__, | / / / /
 =========|_|==============|___/=/_/_/_/

 :: Spring Boot ::                (v3.3.3)

2024-09-19T13:22:10.112-04:00  INFO 41076 --- [Task Management API] [    Test worker] c.e.t.TaskManagementApiApplicationTests  : Starting TaskManagementApiApplicationTests using Java 17.0.12 with PID 41076 (started by artinkaveh in /Users/artinkaveh/TaskManagement-API)
2024-09-19T13:22:10.113-04:00  INFO 41076 --- [Task Management API] [    Test worker] c.e.t.TaskManagementApiApplicationTests  : No active profile set, falling back to 1 default profile: "default"
2024-09-19T13:22:10.382-04:00  INFO 41076 --- [Task Management API] [    Test worker] .s.d.r.c.RepositoryConfigurationDelegate : Bootstrapping Spring Data JPA repositories in DEFAULT mode.
2024-09-19T13:22:10.402-04:00  INFO 41076 --- [Task Management API] [    Test worker] .s.d.r.c.RepositoryConfigurationDelegate : Finished Spring Data repository scanning in 17 ms. Found 1 JPA repository interface.
2024-09-19T13:22:10.606-04:00  INFO 41076 --- [Task Management API] [    Test worker] o.hibernate.jpa.internal.util.LogHelper  : HHH000204: Processing PersistenceUnitInfo [name: default]
2024-09-19T13:22:10.627-04:00  INFO 41076 --- [Task Management API] [    Test worker] org.hibernate.Version                    : HHH000412: Hibernate ORM core version 6.5.2.Final
2024-09-19T13:22:10.642-04:00  INFO 41076 --- [Task Management API] [    Test worker] o.h.c.internal.RegionFactoryInitiator    : HHH000026: Second-level cache disabled
2024-09-19T13:22:10.753-04:00  INFO 41076 --- [Task Management API] [    Test worker] o.s.o.j.p.SpringPersistenceUnitInfo      : No LoadTimeWeaver setup: ignoring JPA class transformer
2024-09-19T13:22:10.763-04:00  INFO 41076 --- [Task Management API] [    Test worker] com.zaxxer.hikari.HikariDataSource       : HikariPool-1 - Starting...
2024-09-19T13:22:11.096-04:00  INFO 41076 --- [Task Management API] [    Test worker] com.zaxxer.hikari.pool.HikariPool        : HikariPool-1 - Added connection com.mysql.cj.jdbc.ConnectionImpl@7be3abaa
2024-09-19T13:22:11.097-04:00  INFO 41076 --- [Task Management API] [    Test worker] com.zaxxer.hikari.HikariDataSource       : HikariPool-1 - Start completed.
2024-09-19T13:22:11.127-04:00  WARN 41076 --- [Task Management API] [    Test worker] org.hibernate.orm.deprecation            : HHH90000025: MySQL8Dialect does not need to be specified explicitly using 'hibernate.dialect' (remove the property setting and it will be selected by default)
2024-09-19T13:22:11.127-04:00  WARN 41076 --- [Task Management API] [    Test worker] org.hibernate.orm.deprecation            : HHH90000026: MySQL8Dialect has been deprecated; use org.hibernate.dialect.MySQLDialect instead
2024-09-19T13:22:11.433-04:00  INFO 41076 --- [Task Management API] [    Test worker] o.h.e.t.j.p.i.JtaPlatformInitiator       : HHH000489: No JTA platform available (set 'hibernate.transaction.jta.platform' to enable JTA platform integration)
2024-09-19T13:22:11.484-04:00  INFO 41076 --- [Task Management API] [    Test worker] j.LocalContainerEntityManagerFactoryBean : Initialized JPA EntityManagerFactory for persistence unit 'default'
2024-09-19T13:22:11.611-04:00  WARN 41076 --- [Task Management API] [    Test worker] JpaBaseConfiguration$JpaWebConfiguration : spring.jpa.open-in-view is enabled by default. Therefore, database queries may be performed during view rendering. Explicitly configure spring.jpa.open-in-view to disable this warning
2024-09-19T13:22:11.619-04:00  WARN 41076 --- [Task Management API] [    Test worker] .s.s.UserDetailsServiceAutoConfiguration : 

Using generated security password: bface5b6-8e13-4219-940f-baca9b52355d

This generated password is for development use only. Your security configuration must be updated before running your application in production.

2024-09-19T13:22:11.625-04:00  INFO 41076 --- [Task Management API] [    Test worker] r$InitializeUserDetailsManagerConfigurer : Global AuthenticationManager configured with UserDetailsService bean with name inMemoryUserDetailsManager
2024-09-19T13:22:11.839-04:00  WARN 41076 --- [Task Management API] [    Test worker] ion$DefaultTemplateResolverConfiguration : Cannot find template location: classpath:/templates/ (please add some templates, check your Thymeleaf configuration, or set spring.thymeleaf.check-template-location=false)
2024-09-19T13:22:11.886-04:00  INFO 41076 --- [Task Management API] [    Test worker] c.e.t.TaskManagementApiApplicationTests  : Started TaskManagementApiApplicationTests in 1.873 seconds (process running for 2.37)
]]></system-out>
  <system-err><![CDATA[]]></system-err>
</testsuite>
